<?xml version="1.0" encoding="UTF-8"?>
<!-- Generated by org.testng.reporters.JUnitReportReporter -->
<testsuite hostname="LAPTOP-DG37F0E8" failures="0" tests="1" name="ResolutionTesting.AllBrowser" time="7.187" errors="0" timestamp="2024-05-09T11:53:56 IST" skipped="0">
  <testcase classname="ResolutionTesting.AllBrowser" name="EdgeTest3" time="7.187"/>
</testsuite> <!-- ResolutionTesting.AllBrowser -->
