<?xml version="1.0" encoding="UTF-8"?>
<!-- Generated by org.testng.reporters.JUnitReportReporter -->
<testsuite hostname="LAPTOP-DG37F0E8" failures="0" tests="6" name="ResolutionBrowserTesting.link2allbrowsers" time="44.487" errors="0" timestamp="2024-05-10T07:43:40 IST" skipped="0">
  <testcase classname="ResolutionBrowserTesting.link2allbrowsers" name="ChromeDriver" time="9.752"/>
  <testcase classname="ResolutionBrowserTesting.link2allbrowsers" name="EdgeTest" time="8.944"/>
  <testcase classname="ResolutionBrowserTesting.link2allbrowsers" name="ChromeDriver2" time="5.083"/>
  <testcase classname="ResolutionBrowserTesting.link2allbrowsers" name="EdgeTest2" time="7.738"/>
  <testcase classname="ResolutionBrowserTesting.link2allbrowsers" name="ChromeDriver3" time="5.408"/>
  <testcase classname="ResolutionBrowserTesting.link2allbrowsers" name="EdgeTest3" time="7.562"/>
</testsuite> <!-- ResolutionBrowserTesting.link2allbrowsers -->
