<?xml version="1.0" encoding="UTF-8"?>
<!-- Generated by org.testng.reporters.JUnitReportReporter -->
<testsuite hostname="LAPTOP-DG37F0E8" failures="0" tests="1" name="ResolutionBrowserTesting.Link1allBrowser" time="7.282" errors="0" timestamp="2024-05-09T19:46:09 IST" skipped="0">
  <testcase classname="ResolutionBrowserTesting.Link1allBrowser" name="EdgeTest" time="7.282"/>
</testsuite> <!-- ResolutionBrowserTesting.Link1allBrowser -->
