<?xml version="1.0" encoding="UTF-8"?>
<!-- Generated by org.testng.reporters.JUnitReportReporter -->
<testsuite hostname="LAPTOP-DG37F0E8" failures="0" tests="6" name="ResolutionBrowserTesting.mobile" time="54.289" errors="0" timestamp="2024-05-09T19:02:30 IST" skipped="0">
  <testcase classname="ResolutionBrowserTesting.mobile" name="ChromeDriver" time="8.285"/>
  <testcase classname="ResolutionBrowserTesting.mobile" name="EdgeTest" time="10.064"/>
  <testcase classname="ResolutionBrowserTesting.mobile" name="ChromeDriver1" time="7.267"/>
  <testcase classname="ResolutionBrowserTesting.mobile" name="EdgeTest1" time="10.061"/>
  <testcase classname="ResolutionBrowserTesting.mobile" name="ChromeDriver2" time="6.969"/>
  <testcase classname="ResolutionBrowserTesting.mobile" name="EdgeTest2" time="11.643"/>
</testsuite> <!-- ResolutionBrowserTesting.mobile -->
