<?xml version="1.0" encoding="UTF-8"?>
<!-- Generated by org.testng.reporters.JUnitReportReporter -->
<testsuite hostname="LAPTOP-DG37F0E8" failures="0" tests="6" name="ResolutionBrowserTesting.AllBrowser" time="63.620" errors="0" timestamp="2024-05-09T18:03:29 IST" skipped="0">
  <testcase classname="ResolutionBrowserTesting.AllBrowser" name="ChromeDriver" time="10.020"/>
  <testcase classname="ResolutionBrowserTesting.AllBrowser" name="EdgeTest" time="12.756"/>
  <testcase classname="ResolutionBrowserTesting.AllBrowser" name="ChromeDriver2" time="8.079"/>
  <testcase classname="ResolutionBrowserTesting.AllBrowser" name="EdgeTest2" time="10.641"/>
  <testcase classname="ResolutionBrowserTesting.AllBrowser" name="ChromeDriver3" time="10.650"/>
  <testcase classname="ResolutionBrowserTesting.AllBrowser" name="EdgeTest3" time="11.474"/>
</testsuite> <!-- ResolutionBrowserTesting.AllBrowser -->
